# JRE version: Java(TM) SE Runtime Environment (8.0_161-b12) (build 1.8.0_161-b12)
# Java VM: Java HotSpot(TM) 64-Bit Server VM (25.161-b12 mixed mode bsd-amd64 compressed oops)
Heap:
 PSYoungGen      total 790528K, used 324608K [0x000000076ab00000, 0x00000007b8580000, 0x00000007c0000000)
  eden space 324608K, 100% used [0x000000076ab00000,0x000000077e800000,0x000000077e800000)
  from space 465920K, 0% used [0x000000079af00000,0x000000079af00000,0x00000007b7600000)
  to   space 465920K, 0% used [0x000000077e800000,0x000000077e800000,0x000000079af00000)
 ParOldGen       total 2796544K, used 2796117K [0x00000006c0000000, 0x000000076ab00000, 0x000000076ab00000)
  object space 2796544K, 99% used [0x00000006c0000000,0x000000076aa95710,0x000000076ab00000)
 Metaspace       used 3581K, capacity 4604K, committed 4864K, reserved 1056768K
  class space    used 410K, capacity 428K, committed 512K, reserved 1048576K
GC Heap History (10 events):
Event: 712.286 GC heap after
Heap after GC invocations=25 (full 11):
 PSYoungGen      total 790528K, used 324608K [0x000000076ab00000, 0x00000007b8580000, 0x00000007c0000000)
  eden space 324608K, 100% used [0x000000076ab00000,0x000000077e800000,0x000000077e800000)
  from space 465920K, 0% used [0x000000079af00000,0x000000079af00000,0x00000007b7600000)
  to   space 465920K, 0% used [0x000000077e800000,0x000000077e800000,0x000000079af00000)
 ParOldGen       total 2796544K, used 2796107K [0x00000006c0000000, 0x000000076ab00000, 0x000000076ab00000)
  object space 2796544K, 99% used [0x00000006c0000000,0x000000076aa92f10,0x000000076ab00000)
 Metaspace       used 3581K, capacity 4604K, committed 4864K, reserved 1056768K
  class space    used 410K, capacity 428K, committed 512K, reserved 1048576K
}
Event: 712.286 GC heap before
{Heap before GC invocations=26 (full 12):
 PSYoungGen      total 790528K, used 324608K [0x000000076ab00000, 0x00000007b8580000, 0x00000007c0000000)
  eden space 324608K, 100% used [0x000000076ab00000,0x000000077e800000,0x000000077e800000)
  from space 465920K, 0% used [0x000000079af00000,0x000000079af00000,0x00000007b7600000)
  to   space 465920K, 0% used [0x000000077e800000,0x000000077e800000,0x000000079af00000)
 ParOldGen       total 2796544K, used 2796109K [0x00000006c0000000, 0x000000076ab00000, 0x000000076ab00000)
  object space 2796544K, 99% used [0x00000006c0000000,0x000000076aa93710,0x000000076ab00000)
 Metaspace       used 3581K, capacity 4604K, committed 4864K, reserved 1056768K
  class space    used 410K, capacity 428K, committed 512K, reserved 1048576K
Event: 798.982 GC heap after
Heap after GC invocations=26 (full 12):
 PSYoungGen      total 790528K, used 324608K [0x000000076ab00000, 0x00000007b8580000, 0x00000007c0000000)
  eden space 324608K, 100% used [0x000000076ab00000,0x000000077e800000,0x000000077e800000)
  from space 465920K, 0% used [0x000000079af00000,0x000000079af00000,0x00000007b7600000)
  to   space 465920K, 0% used [0x000000077e800000,0x000000077e800000,0x000000079af00000)
 ParOldGen       total 2796544K, used 2796109K [0x00000006c0000000, 0x000000076ab00000, 0x000000076ab00000)
  object space 2796544K, 99% used [0x00000006c0000000,0x000000076aa93710,0x000000076ab00000)
 Metaspace       used 3581K, capacity 4604K, committed 4864K, reserved 1056768K
  class space    used 410K, capacity 428K, committed 512K, reserved 1048576K
}
Event: 798.983 GC heap before
{Heap before GC invocations=27 (full 13):
 PSYoungGen      total 790528K, used 324608K [0x000000076ab00000, 0x00000007b8580000, 0x00000007c0000000)
  eden space 324608K, 100% used [0x000000076ab00000,0x000000077e800000,0x000000077e800000)
  from space 465920K, 0% used [0x000000079af00000,0x000000079af00000,0x00000007b7600000)
  to   space 465920K, 0% used [0x000000077e800000,0x000000077e800000,0x000000079af00000)
 ParOldGen       total 2796544K, used 2796111K [0x00000006c0000000, 0x000000076ab00000, 0x000000076ab00000)
  object space 2796544K, 99% used [0x00000006c0000000,0x000000076aa93f10,0x000000076ab00000)
 Metaspace       used 3581K, capacity 4604K, committed 4864K, reserved 1056768K
  class space    used 410K, capacity 428K, committed 512K, reserved 1048576K
Event: 880.400 GC heap after
Heap after GC invocations=27 (full 13):
 PSYoungGen      total 790528K, used 324608K [0x000000076ab00000, 0x00000007b8580000, 0x00000007c0000000)
  eden space 324608K, 100% used [0x000000076ab00000,0x000000077e800000,0x000000077e800000)
  from space 465920K, 0% used [0x000000079af00000,0x000000079af00000,0x00000007b7600000)
  to   space 465920K, 0% used [0x000000077e800000,0x000000077e800000,0x000000079af00000)
 ParOldGen       total 2796544K, used 2796111K [0x00000006c0000000, 0x000000076ab00000, 0x000000076ab00000)
  object space 2796544K, 99% used [0x00000006c0000000,0x000000076aa93f10,0x000000076ab00000)
 Metaspace       used 3581K, capacity 4604K, committed 4864K, reserved 1056768K
  class space    used 410K, capacity 428K, committed 512K, reserved 1048576K
}
Event: 880.403 GC heap before
{Heap before GC invocations=28 (full 14):
 PSYoungGen      total 790528K, used 324608K [0x000000076ab00000, 0x00000007b8580000, 0x00000007c0000000)
  eden space 324608K, 100% used [0x000000076ab00000,0x000000077e800000,0x000000077e800000)
  from space 465920K, 0% used [0x000000079af00000,0x000000079af00000,0x00000007b7600000)
  to   space 465920K, 0% used [0x000000077e800000,0x000000077e800000,0x000000079af00000)
 ParOldGen       total 2796544K, used 2796113K [0x00000006c0000000, 0x000000076ab00000, 0x000000076ab00000)
  object space 2796544K, 99% used [0x00000006c0000000,0x000000076aa94710,0x000000076ab00000)
 Metaspace       used 3581K, capacity 4604K, committed 4864K, reserved 1056768K
  class space    used 410K, capacity 428K, committed 512K, reserved 1048576K
Event: 954.491 GC heap after
Heap after GC invocations=28 (full 14):
 PSYoungGen      total 790528K, used 324608K [0x000000076ab00000, 0x00000007b8580000, 0x00000007c0000000)
  eden space 324608K, 100% used [0x000000076ab00000,0x000000077e800000,0x000000077e800000)
  from space 465920K, 0% used [0x000000079af00000,0x000000079af00000,0x00000007b7600000)
  to   space 465920K, 0% used [0x000000077e800000,0x000000077e800000,0x000000079af00000)
 ParOldGen       total 2796544K, used 2796113K [0x00000006c0000000, 0x000000076ab00000, 0x000000076ab00000)
  object space 2796544K, 99% used [0x00000006c0000000,0x000000076aa94710,0x000000076ab00000)
 Metaspace       used 3581K, capacity 4604K, committed 4864K, reserved 1056768K
  class space    used 410K, capacity 428K, committed 512K, reserved 1048576K
}
Event: 954.492 GC heap before
{Heap before GC invocations=29 (full 15):
 PSYoungGen      total 790528K, used 324608K [0x000000076ab00000, 0x00000007b8580000, 0x00000007c0000000)
  eden space 324608K, 100% used [0x000000076ab00000,0x000000077e800000,0x000000077e800000)
  from space 465920K, 0% used [0x000000079af00000,0x000000079af00000,0x00000007b7600000)
  to   space 465920K, 0% used [0x000000077e800000,0x000000077e800000,0x000000079af00000)
 ParOldGen       total 2796544K, used 2796115K [0x00000006c0000000, 0x000000076ab00000, 0x000000076ab00000)
  object space 2796544K, 99% used [0x00000006c0000000,0x000000076aa94f10,0x000000076ab00000)
 Metaspace       used 3581K, capacity 4604K, committed 4864K, reserved 1056768K
  class space    used 410K, capacity 428K, committed 512K, reserved 1048576K
Event: 1029.406 GC heap after
Heap after GC invocations=29 (full 15):
 PSYoungGen      total 790528K, used 324608K [0x000000076ab00000, 0x00000007b8580000, 0x00000007c0000000)
  eden space 324608K, 100% used [0x000000076ab00000,0x000000077e800000,0x000000077e800000)
  from space 465920K, 0% used [0x000000079af00000,0x000000079af00000,0x00000007b7600000)
  to   space 465920K, 0% used [0x000000077e800000,0x000000077e800000,0x000000079af00000)
 ParOldGen       total 2796544K, used 2796115K [0x00000006c0000000, 0x000000076ab00000, 0x000000076ab00000)
  object space 2796544K, 99% used [0x00000006c0000000,0x000000076aa94f10,0x000000076ab00000)
 Metaspace       used 3581K, capacity 4604K, committed 4864K, reserved 1056768K
  class space    used 410K, capacity 428K, committed 512K, reserved 1048576K
}
Event: 1029.407 GC heap before
{Heap before GC invocations=30 (full 16):
 PSYoungGen      total 790528K, used 324608K [0x000000076ab00000, 0x00000007b8580000, 0x00000007c0000000)
  eden space 324608K, 100% used [0x000000076ab00000,0x000000077e800000,0x000000077e800000)
  from space 465920K, 0% used [0x000000079af00000,0x000000079af00000,0x00000007b7600000)
  to   space 465920K, 0% used [0x000000077e800000,0x000000077e800000,0x000000079af00000)
 ParOldGen       total 2796544K, used 2796117K [0x00000006c0000000, 0x000000076ab00000, 0x000000076ab00000)
  object space 2796544K, 99% used [0x00000006c0000000,0x000000076aa95710,0x000000076ab00000)
 Metaspace       used 3581K, capacity 4604K, committed 4864K, reserved 1056768K
  class space    used 410K, capacity 428K, committed 512K, reserved 1048576K

