# JRE version: Java(TM) SE Runtime Environment (8.0_161-b12) (build 1.8.0_161-b12)
# Java VM: Java HotSpot(TM) 64-Bit Server VM (25.161-b12 mixed mode bsd-amd64 compressed oops)
Heap:
 PSYoungGen      total 795136K, used 650246K [0x000000076ab00000, 0x00000007bda00000, 0x00000007c0000000)
  eden space 329216K, 100% used [0x000000076ab00000,0x000000077ec80000,0x000000077ec80000)
  from space 465920K, 68% used [0x000000077ec80000,0x0000000792601b40,0x000000079b380000)
  to   space 465920K, 0% used [0x00000007a1300000,0x00000007a1300000,0x00000007bda00000)
 ParOldGen       total 2796544K, used 2796171K [0x00000006c0000000, 0x000000076ab00000, 0x000000076ab00000)
  object space 2796544K, 99% used [0x00000006c0000000,0x000000076aaa2db0,0x000000076ab00000)
 Metaspace       used 3580K, capacity 4604K, committed 4864K, reserved 1056768K
  class space    used 410K, capacity 428K, committed 512K, reserved 1048576K
GC Heap History (10 events):
Event: 155.327 GC heap after
Heap after GC invocations=27 (full 14):
 PSYoungGen      total 795136K, used 650246K [0x000000076ab00000, 0x00000007bda00000, 0x00000007c0000000)
  eden space 329216K, 100% used [0x000000076ab00000,0x000000077ec80000,0x000000077ec80000)
  from space 465920K, 68% used [0x000000077ec80000,0x0000000792601b40,0x000000079b380000)
  to   space 465920K, 0% used [0x00000007a1300000,0x00000007a1300000,0x00000007bda00000)
 ParOldGen       total 2796544K, used 2796161K [0x00000006c0000000, 0x000000076ab00000, 0x000000076ab00000)
  object space 2796544K, 99% used [0x00000006c0000000,0x000000076aaa05b0,0x000000076ab00000)
 Metaspace       used 3580K, capacity 4604K, committed 4864K, reserved 1056768K
  class space    used 410K, capacity 428K, committed 512K, reserved 1048576K
}
Event: 155.328 GC heap before
{Heap before GC invocations=28 (full 15):
 PSYoungGen      total 795136K, used 650246K [0x000000076ab00000, 0x00000007bda00000, 0x00000007c0000000)
  eden space 329216K, 100% used [0x000000076ab00000,0x000000077ec80000,0x000000077ec80000)
  from space 465920K, 68% used [0x000000077ec80000,0x0000000792601b40,0x000000079b380000)
  to   space 465920K, 0% used [0x00000007a1300000,0x00000007a1300000,0x00000007bda00000)
 ParOldGen       total 2796544K, used 2796163K [0x00000006c0000000, 0x000000076ab00000, 0x000000076ab00000)
  object space 2796544K, 99% used [0x00000006c0000000,0x000000076aaa0db0,0x000000076ab00000)
 Metaspace       used 3580K, capacity 4604K, committed 4864K, reserved 1056768K
  class space    used 410K, capacity 428K, committed 512K, reserved 1048576K
Event: 167.785 GC heap after
Heap after GC invocations=28 (full 15):
 PSYoungGen      total 795136K, used 650246K [0x000000076ab00000, 0x00000007bda00000, 0x00000007c0000000)
  eden space 329216K, 100% used [0x000000076ab00000,0x000000077ec80000,0x000000077ec80000)
  from space 465920K, 68% used [0x000000077ec80000,0x0000000792601b40,0x000000079b380000)
  to   space 465920K, 0% used [0x00000007a1300000,0x00000007a1300000,0x00000007bda00000)
 ParOldGen       total 2796544K, used 2796163K [0x00000006c0000000, 0x000000076ab00000, 0x000000076ab00000)
  object space 2796544K, 99% used [0x00000006c0000000,0x000000076aaa0db0,0x000000076ab00000)
 Metaspace       used 3580K, capacity 4604K, committed 4864K, reserved 1056768K
  class space    used 410K, capacity 428K, committed 512K, reserved 1048576K
}
Event: 167.785 GC heap before
{Heap before GC invocations=29 (full 16):
 PSYoungGen      total 795136K, used 650246K [0x000000076ab00000, 0x00000007bda00000, 0x00000007c0000000)
  eden space 329216K, 100% used [0x000000076ab00000,0x000000077ec80000,0x000000077ec80000)
  from space 465920K, 68% used [0x000000077ec80000,0x0000000792601b40,0x000000079b380000)
  to   space 465920K, 0% used [0x00000007a1300000,0x00000007a1300000,0x00000007bda00000)
 ParOldGen       total 2796544K, used 2796165K [0x00000006c0000000, 0x000000076ab00000, 0x000000076ab00000)
  object space 2796544K, 99% used [0x00000006c0000000,0x000000076aaa15b0,0x000000076ab00000)
 Metaspace       used 3580K, capacity 4604K, committed 4864K, reserved 1056768K
  class space    used 410K, capacity 428K, committed 512K, reserved 1048576K
Event: 180.321 GC heap after
Heap after GC invocations=29 (full 16):
 PSYoungGen      total 795136K, used 650246K [0x000000076ab00000, 0x00000007bda00000, 0x00000007c0000000)
  eden space 329216K, 100% used [0x000000076ab00000,0x000000077ec80000,0x000000077ec80000)
  from space 465920K, 68% used [0x000000077ec80000,0x0000000792601b40,0x000000079b380000)
  to   space 465920K, 0% used [0x00000007a1300000,0x00000007a1300000,0x00000007bda00000)
 ParOldGen       total 2796544K, used 2796165K [0x00000006c0000000, 0x000000076ab00000, 0x000000076ab00000)
  object space 2796544K, 99% used [0x00000006c0000000,0x000000076aaa15b0,0x000000076ab00000)
 Metaspace       used 3580K, capacity 4604K, committed 4864K, reserved 1056768K
  class space    used 410K, capacity 428K, committed 512K, reserved 1048576K
}
Event: 180.321 GC heap before
{Heap before GC invocations=30 (full 17):
 PSYoungGen      total 795136K, used 650246K [0x000000076ab00000, 0x00000007bda00000, 0x00000007c0000000)
  eden space 329216K, 100% used [0x000000076ab00000,0x000000077ec80000,0x000000077ec80000)
  from space 465920K, 68% used [0x000000077ec80000,0x0000000792601b40,0x000000079b380000)
  to   space 465920K, 0% used [0x00000007a1300000,0x00000007a1300000,0x00000007bda00000)
 ParOldGen       total 2796544K, used 2796167K [0x00000006c0000000, 0x000000076ab00000, 0x000000076ab00000)
  object space 2796544K, 99% used [0x00000006c0000000,0x000000076aaa1db0,0x000000076ab00000)
 Metaspace       used 3580K, capacity 4604K, committed 4864K, reserved 1056768K
  class space    used 410K, capacity 428K, committed 512K, reserved 1048576K
Event: 193.231 GC heap after
Heap after GC invocations=30 (full 17):
 PSYoungGen      total 795136K, used 650246K [0x000000076ab00000, 0x00000007bda00000, 0x00000007c0000000)
  eden space 329216K, 100% used [0x000000076ab00000,0x000000077ec80000,0x000000077ec80000)
  from space 465920K, 68% used [0x000000077ec80000,0x0000000792601b40,0x000000079b380000)
  to   space 465920K, 0% used [0x00000007a1300000,0x00000007a1300000,0x00000007bda00000)
 ParOldGen       total 2796544K, used 2796167K [0x00000006c0000000, 0x000000076ab00000, 0x000000076ab00000)
  object space 2796544K, 99% used [0x00000006c0000000,0x000000076aaa1db0,0x000000076ab00000)
 Metaspace       used 3580K, capacity 4604K, committed 4864K, reserved 1056768K
  class space    used 410K, capacity 428K, committed 512K, reserved 1048576K
}
Event: 193.232 GC heap before
{Heap before GC invocations=31 (full 18):
 PSYoungGen      total 795136K, used 650246K [0x000000076ab00000, 0x00000007bda00000, 0x00000007c0000000)
  eden space 329216K, 100% used [0x000000076ab00000,0x000000077ec80000,0x000000077ec80000)
  from space 465920K, 68% used [0x000000077ec80000,0x0000000792601b40,0x000000079b380000)
  to   space 465920K, 0% used [0x00000007a1300000,0x00000007a1300000,0x00000007bda00000)
 ParOldGen       total 2796544K, used 2796169K [0x00000006c0000000, 0x000000076ab00000, 0x000000076ab00000)
  object space 2796544K, 99% used [0x00000006c0000000,0x000000076aaa25b0,0x000000076ab00000)
 Metaspace       used 3580K, capacity 4604K, committed 4864K, reserved 1056768K
  class space    used 410K, capacity 428K, committed 512K, reserved 1048576K
Event: 206.267 GC heap after
Heap after GC invocations=31 (full 18):
 PSYoungGen      total 795136K, used 650246K [0x000000076ab00000, 0x00000007bda00000, 0x00000007c0000000)
  eden space 329216K, 100% used [0x000000076ab00000,0x000000077ec80000,0x000000077ec80000)
  from space 465920K, 68% used [0x000000077ec80000,0x0000000792601b40,0x000000079b380000)
  to   space 465920K, 0% used [0x00000007a1300000,0x00000007a1300000,0x00000007bda00000)
 ParOldGen       total 2796544K, used 2796169K [0x00000006c0000000, 0x000000076ab00000, 0x000000076ab00000)
  object space 2796544K, 99% used [0x00000006c0000000,0x000000076aaa25b0,0x000000076ab00000)
 Metaspace       used 3580K, capacity 4604K, committed 4864K, reserved 1056768K
  class space    used 410K, capacity 428K, committed 512K, reserved 1048576K
}
Event: 206.267 GC heap before
{Heap before GC invocations=32 (full 19):
 PSYoungGen      total 795136K, used 650246K [0x000000076ab00000, 0x00000007bda00000, 0x00000007c0000000)
  eden space 329216K, 100% used [0x000000076ab00000,0x000000077ec80000,0x000000077ec80000)
  from space 465920K, 68% used [0x000000077ec80000,0x0000000792601b40,0x000000079b380000)
  to   space 465920K, 0% used [0x00000007a1300000,0x00000007a1300000,0x00000007bda00000)
 ParOldGen       total 2796544K, used 2796171K [0x00000006c0000000, 0x000000076ab00000, 0x000000076ab00000)
  object space 2796544K, 99% used [0x00000006c0000000,0x000000076aaa2db0,0x000000076ab00000)
 Metaspace       used 3580K, capacity 4604K, committed 4864K, reserved 1056768K
  class space    used 410K, capacity 428K, committed 512K, reserved 1048576K

