# JRE version: Java(TM) SE Runtime Environment (8.0_161-b12) (build 1.8.0_161-b12)
# Java VM: Java HotSpot(TM) 64-Bit Server VM (25.161-b12 mixed mode bsd-amd64 compressed oops)
Heap:
 PSYoungGen      total 758272K, used 292352K [0x000000076ab00000, 0x00000007bb680000, 0x00000007c0000000)
  eden space 292352K, 100% used [0x000000076ab00000,0x000000077c880000,0x000000077c880000)
  from space 465920K, 0% used [0x000000077c880000,0x000000077c880000,0x0000000798f80000)
  to   space 465920K, 0% used [0x000000079ef80000,0x000000079ef80000,0x00000007bb680000)
 ParOldGen       total 2796544K, used 2796378K [0x00000006c0000000, 0x000000076ab00000, 0x000000076ab00000)
  object space 2796544K, 99% used [0x00000006c0000000,0x000000076aad6b00,0x000000076ab00000)
 Metaspace       used 3579K, capacity 4604K, committed 4864K, reserved 1056768K
  class space    used 411K, capacity 428K, committed 512K, reserved 1048576K
GC Heap History (10 events):
Event: 4934.293 GC heap after
Heap after GC invocations=70 (full 57):
 PSYoungGen      total 758272K, used 292352K [0x000000076ab00000, 0x00000007bb680000, 0x00000007c0000000)
  eden space 292352K, 100% used [0x000000076ab00000,0x000000077c880000,0x000000077c880000)
  from space 465920K, 0% used [0x000000077c880000,0x000000077c880000,0x0000000798f80000)
  to   space 465920K, 0% used [0x000000079ef80000,0x000000079ef80000,0x00000007bb680000)
 ParOldGen       total 2796544K, used 2796368K [0x00000006c0000000, 0x000000076ab00000, 0x000000076ab00000)
  object space 2796544K, 99% used [0x00000006c0000000,0x000000076aad4308,0x000000076ab00000)
 Metaspace       used 3579K, capacity 4604K, committed 4864K, reserved 1056768K
  class space    used 411K, capacity 428K, committed 512K, reserved 1048576K
}
Event: 4934.293 GC heap before
{Heap before GC invocations=71 (full 58):
 PSYoungGen      total 758272K, used 292352K [0x000000076ab00000, 0x00000007bb680000, 0x00000007c0000000)
  eden space 292352K, 100% used [0x000000076ab00000,0x000000077c880000,0x000000077c880000)
  from space 465920K, 0% used [0x000000077c880000,0x000000077c880000,0x0000000798f80000)
  to   space 465920K, 0% used [0x000000079ef80000,0x000000079ef80000,0x00000007bb680000)
 ParOldGen       total 2796544K, used 2796370K [0x00000006c0000000, 0x000000076ab00000, 0x000000076ab00000)
  object space 2796544K, 99% used [0x00000006c0000000,0x000000076aad4b00,0x000000076ab00000)
 Metaspace       used 3579K, capacity 4604K, committed 4864K, reserved 1056768K
  class space    used 411K, capacity 428K, committed 512K, reserved 1048576K
Event: 5014.323 GC heap after
Heap after GC invocations=71 (full 58):
 PSYoungGen      total 758272K, used 292352K [0x000000076ab00000, 0x00000007bb680000, 0x00000007c0000000)
  eden space 292352K, 100% used [0x000000076ab00000,0x000000077c880000,0x000000077c880000)
  from space 465920K, 0% used [0x000000077c880000,0x000000077c880000,0x0000000798f80000)
  to   space 465920K, 0% used [0x000000079ef80000,0x000000079ef80000,0x00000007bb680000)
 ParOldGen       total 2796544K, used 2796370K [0x00000006c0000000, 0x000000076ab00000, 0x000000076ab00000)
  object space 2796544K, 99% used [0x00000006c0000000,0x000000076aad4b00,0x000000076ab00000)
 Metaspace       used 3579K, capacity 4604K, committed 4864K, reserved 1056768K
  class space    used 411K, capacity 428K, committed 512K, reserved 1048576K
}
Event: 5014.335 GC heap before
{Heap before GC invocations=72 (full 59):
 PSYoungGen      total 758272K, used 292352K [0x000000076ab00000, 0x00000007bb680000, 0x00000007c0000000)
  eden space 292352K, 100% used [0x000000076ab00000,0x000000077c880000,0x000000077c880000)
  from space 465920K, 0% used [0x000000077c880000,0x000000077c880000,0x0000000798f80000)
  to   space 465920K, 0% used [0x000000079ef80000,0x000000079ef80000,0x00000007bb680000)
 ParOldGen       total 2796544K, used 2796372K [0x00000006c0000000, 0x000000076ab00000, 0x000000076ab00000)
  object space 2796544K, 99% used [0x00000006c0000000,0x000000076aad5300,0x000000076ab00000)
 Metaspace       used 3579K, capacity 4604K, committed 4864K, reserved 1056768K
  class space    used 411K, capacity 428K, committed 512K, reserved 1048576K
Event: 5084.590 GC heap after
Heap after GC invocations=72 (full 59):
 PSYoungGen      total 758272K, used 292352K [0x000000076ab00000, 0x00000007bb680000, 0x00000007c0000000)
  eden space 292352K, 100% used [0x000000076ab00000,0x000000077c880000,0x000000077c880000)
  from space 465920K, 0% used [0x000000077c880000,0x000000077c880000,0x0000000798f80000)
  to   space 465920K, 0% used [0x000000079ef80000,0x000000079ef80000,0x00000007bb680000)
 ParOldGen       total 2796544K, used 2796372K [0x00000006c0000000, 0x000000076ab00000, 0x000000076ab00000)
  object space 2796544K, 99% used [0x00000006c0000000,0x000000076aad5300,0x000000076ab00000)
 Metaspace       used 3579K, capacity 4604K, committed 4864K, reserved 1056768K
  class space    used 411K, capacity 428K, committed 512K, reserved 1048576K
}
Event: 5084.601 GC heap before
{Heap before GC invocations=73 (full 60):
 PSYoungGen      total 758272K, used 292352K [0x000000076ab00000, 0x00000007bb680000, 0x00000007c0000000)
  eden space 292352K, 100% used [0x000000076ab00000,0x000000077c880000,0x000000077c880000)
  from space 465920K, 0% used [0x000000077c880000,0x000000077c880000,0x0000000798f80000)
  to   space 465920K, 0% used [0x000000079ef80000,0x000000079ef80000,0x00000007bb680000)
 ParOldGen       total 2796544K, used 2796374K [0x00000006c0000000, 0x000000076ab00000, 0x000000076ab00000)
  object space 2796544K, 99% used [0x00000006c0000000,0x000000076aad5b00,0x000000076ab00000)
 Metaspace       used 3579K, capacity 4604K, committed 4864K, reserved 1056768K
  class space    used 411K, capacity 428K, committed 512K, reserved 1048576K
Event: 5157.544 GC heap after
Heap after GC invocations=73 (full 60):
 PSYoungGen      total 758272K, used 292352K [0x000000076ab00000, 0x00000007bb680000, 0x00000007c0000000)
  eden space 292352K, 100% used [0x000000076ab00000,0x000000077c880000,0x000000077c880000)
  from space 465920K, 0% used [0x000000077c880000,0x000000077c880000,0x0000000798f80000)
  to   space 465920K, 0% used [0x000000079ef80000,0x000000079ef80000,0x00000007bb680000)
 ParOldGen       total 2796544K, used 2796374K [0x00000006c0000000, 0x000000076ab00000, 0x000000076ab00000)
  object space 2796544K, 99% used [0x00000006c0000000,0x000000076aad5b00,0x000000076ab00000)
 Metaspace       used 3579K, capacity 4604K, committed 4864K, reserved 1056768K
  class space    used 411K, capacity 428K, committed 512K, reserved 1048576K
}
Event: 5157.556 GC heap before
{Heap before GC invocations=74 (full 61):
 PSYoungGen      total 758272K, used 292352K [0x000000076ab00000, 0x00000007bb680000, 0x00000007c0000000)
  eden space 292352K, 100% used [0x000000076ab00000,0x000000077c880000,0x000000077c880000)
  from space 465920K, 0% used [0x000000077c880000,0x000000077c880000,0x0000000798f80000)
  to   space 465920K, 0% used [0x000000079ef80000,0x000000079ef80000,0x00000007bb680000)
 ParOldGen       total 2796544K, used 2796376K [0x00000006c0000000, 0x000000076ab00000, 0x000000076ab00000)
  object space 2796544K, 99% used [0x00000006c0000000,0x000000076aad6300,0x000000076ab00000)
 Metaspace       used 3579K, capacity 4604K, committed 4864K, reserved 1056768K
  class space    used 411K, capacity 428K, committed 512K, reserved 1048576K
Event: 5230.653 GC heap after
Heap after GC invocations=74 (full 61):
 PSYoungGen      total 758272K, used 292352K [0x000000076ab00000, 0x00000007bb680000, 0x00000007c0000000)
  eden space 292352K, 100% used [0x000000076ab00000,0x000000077c880000,0x000000077c880000)
  from space 465920K, 0% used [0x000000077c880000,0x000000077c880000,0x0000000798f80000)
  to   space 465920K, 0% used [0x000000079ef80000,0x000000079ef80000,0x00000007bb680000)
 ParOldGen       total 2796544K, used 2796376K [0x00000006c0000000, 0x000000076ab00000, 0x000000076ab00000)
  object space 2796544K, 99% used [0x00000006c0000000,0x000000076aad6300,0x000000076ab00000)
 Metaspace       used 3579K, capacity 4604K, committed 4864K, reserved 1056768K
  class space    used 411K, capacity 428K, committed 512K, reserved 1048576K
}
Event: 5230.663 GC heap before
{Heap before GC invocations=75 (full 62):
 PSYoungGen      total 758272K, used 292352K [0x000000076ab00000, 0x00000007bb680000, 0x00000007c0000000)
  eden space 292352K, 100% used [0x000000076ab00000,0x000000077c880000,0x000000077c880000)
  from space 465920K, 0% used [0x000000077c880000,0x000000077c880000,0x0000000798f80000)
  to   space 465920K, 0% used [0x000000079ef80000,0x000000079ef80000,0x00000007bb680000)
 ParOldGen       total 2796544K, used 2796378K [0x00000006c0000000, 0x000000076ab00000, 0x000000076ab00000)
  object space 2796544K, 99% used [0x00000006c0000000,0x000000076aad6b00,0x000000076ab00000)
 Metaspace       used 3579K, capacity 4604K, committed 4864K, reserved 1056768K
  class space    used 411K, capacity 428K, committed 512K, reserved 1048576K

